{"time":"2023-07-11 11:21:27","message":"============= BROMO1 RUNTIME STARTED ============="}
{"time":"2023-07-11 11:21:28","message":"============= BROMO1 ENGINE STARTING ============="}
{"time":"2023-07-11 11:21:28","message":"App Address = localhost:7718"}
{"time":"2023-07-11 14:47:20","message":"============= BROMO1 RUNTIME STARTED ============="}
{"time":"2023-07-11 14:47:21","message":"============= BROMO1 ENGINE STARTING ============="}
{"time":"2023-07-11 14:47:21","message":"App Address = localhost:7718"}
{"level":"warn","function":"CheckBasicAuth","message":"Basic auth not set","time":"2023-07-11 14:47:50"}
{"level":"info","time":"2023-07-11 14:47:57","message":"Basic auth successful"}
{"level":"info","time":"2023-07-11 14:47:57","message":"=== New Request ==="}
{"level":"error","error":"invalid document length","function":"StoreProfilePicture","message":"","time":"2023-07-11 14:47:57"}
{"level":"info","time":"2023-07-11 14:48:32","message":"Basic auth successful"}
{"level":"info","time":"2023-07-11 14:48:32","message":"=== New Request ==="}
{"level":"debug","function":"StoreProfilePicture","message":{"RequestId":"","Data":[{"Key":"documentid","Value":"ObjectID(\"64abd06bd26136e34beb3d91\")"},{"Key":"accountid","Value":"1"},{"Key":"data","Value":{"Subtype":0,"Data":"c3Ry"}}]},"time":"2023-07-11 14:48:32"}
{"level":"error","error":"strconv.Atoi: parsing \"\": invalid syntax","function":"RetrieveProfilePicture","message":{"DocumentId":"","AccountId":"","File":"c3Ry"},"time":"2023-07-11 14:48:32"}
{"level":"error","error":"strconv.Atoi: parsing \"\": invalid syntax","function":"StoreProfilePicture","message":"","time":"2023-07-11 14:48:32"}
{"level":"info","time":"2023-07-11 14:48:41","message":"Basic auth successful"}
{"level":"info","time":"2023-07-11 14:48:41","message":"=== New Request ==="}
{"level":"debug","function":"StoreProfilePicture","message":{"RequestId":"a1b2c3d4e5","Data":[{"Key":"document_id","Value":"1"},{"Key":"account_id","Value":"1"},{"Key":"data","Value":"str"}]},"time":"2023-07-11 14:48:41"}
{"time":"2023-07-11 15:36:07","message":"============= BROMO1 RUNTIME STARTED ============="}
{"time":"2023-07-11 15:36:08","message":"============= BROMO1 ENGINE STARTING ============="}
{"time":"2023-07-11 15:36:08","message":"App Address = localhost:7718"}
{"level":"info","time":"2023-07-11 15:37:28","message":"Basic auth successful"}
{"level":"info","time":"2023-07-11 15:37:28","message":"=== New Request ==="}
{"level":"error","error":"invalid document length","function":"StoreProfilePicture","message":"","time":"2023-07-11 15:37:28"}
{"time":"2023-07-11 15:37:45","message":"============= BROMO1 RUNTIME STARTED ============="}
{"time":"2023-07-11 15:37:46","message":"============= BROMO1 ENGINE STARTING ============="}
{"time":"2023-07-11 15:37:46","message":"App Address = localhost:7718"}
{"level":"info","time":"2023-07-11 15:37:59","message":"Basic auth successful"}
{"level":"info","time":"2023-07-11 15:37:59","message":"=== New Request ==="}
{"level":"error","error":"invalid document length","function":"StoreProfilePicture","message":"","time":"2023-07-11 15:39:42"}
{"time":"2023-07-11 15:49:26","message":"============= BROMO1 RUNTIME STARTED ============="}
{"time":"2023-07-11 15:49:27","message":"============= BROMO1 ENGINE STARTING ============="}
{"time":"2023-07-11 15:49:27","message":"App Address = localhost:7718"}
{"level":"info","time":"2023-07-11 15:49:37","message":"Basic auth successful"}
{"level":"info","time":"2023-07-11 15:49:37","message":"=== New Request ==="}
{"level":"error","error":"invalid document length","function":"StoreProfilePicture","message":"","time":"2023-07-11 15:49:55"}
{"time":"2023-07-11 16:01:58","message":"============= BROMO1 RUNTIME STARTED ============="}
{"time":"2023-07-11 16:01:59","message":"============= BROMO1 ENGINE STARTING ============="}
{"time":"2023-07-11 16:01:59","message":"App Address = localhost:7718"}
{"time":"2023-07-11 16:04:53","message":"============= BROMO1 RUNTIME STARTED ============="}
{"time":"2023-07-11 16:04:54","message":"============= BROMO1 ENGINE STARTING ============="}
{"time":"2023-07-11 16:04:54","message":"App Address = localhost:7718"}
{"level":"info","time":"2023-07-11 16:05:13","message":"Basic auth successful"}
{"level":"info","time":"2023-07-11 16:05:13","message":"=== New Request ==="}
{"level":"error","error":"invalid document length","function":"StoreProfilePicture","message":"","time":"2023-07-11 16:05:13"}
{"level":"info","time":"2023-07-11 16:05:40","message":"Basic auth successful"}
{"level":"info","time":"2023-07-11 16:05:40","message":"=== New Request ==="}
{"level":"error","error":"invalid document length","function":"StoreProfilePicture","message":"","time":"2023-07-11 16:05:46"}
{"level":"info","time":"2023-07-11 16:05:51","message":"Basic auth successful"}
{"level":"info","time":"2023-07-11 16:05:51","message":"=== New Request ==="}
{"level":"error","error":"invalid document length","function":"StoreProfilePicture","message":"","time":"2023-07-11 16:07:36"}
{"time":"2023-07-11 16:09:44","message":"============= BROMO1 RUNTIME STARTED ============="}
{"time":"2023-07-11 16:09:45","message":"============= BROMO1 ENGINE STARTING ============="}
{"time":"2023-07-11 16:09:45","message":"App Address = localhost:7718"}
{"level":"info","time":"2023-07-11 17:56:24","message":"Basic auth successful"}
{"level":"info","time":"2023-07-11 17:56:24","message":"=== New Request ==="}
{"level":"error","error":"invalid document length","function":"StoreProfilePicture","message":"","time":"2023-07-11 17:56:34"}
{"level":"info","time":"2023-07-11 17:57:40","message":"Basic auth successful"}
{"level":"info","time":"2023-07-11 17:57:40","message":"=== New Request ==="}
{"level":"debug","function":"StoreProfilePicture","message":{"RequestId":"eda74aa6-1128-4f25-b8fa-0ae7932efdc1","Data":[{"Key":"account_id","Value":1},{"Key":"data","Value":{"Subtype":0,"Data":"dGVzdGZpbGVhamE="}}]},"time":"2023-07-11 17:57:50"}
{"level":"error","error":"error decoding key account_id: cannot decode 64-bit integer into a string type","function":"StoreProfilePicture","message":{"DocumentId":"","AccountId":"","File":null},"time":"2023-07-11 17:57:51"}
{"level":"error","error":"error decoding key account_id: cannot decode 64-bit integer into a string type","function":"StoreProfilePicture","message":"","time":"2023-07-11 17:57:51"}
{"level":"info","time":"2023-07-11 17:58:22","message":"Basic auth successful"}
{"level":"info","time":"2023-07-11 17:58:22","message":"=== New Request ==="}
{"level":"debug","function":"StoreProfilePicture","message":{"RequestId":"eda74aa6-1128-4f25-b8fa-0ae7932efdc1","Data":[{"Key":"account_id","Value":1},{"Key":"data","Value":{"Subtype":0,"Data":"dGVzdGZpbGVhamE="}}]},"time":"2023-07-11 17:58:30"}
{"level":"error","error":"error decoding key account_id: cannot decode 64-bit integer into a string type","function":"StoreProfilePicture","message":{"DocumentId":"","AccountId":"","File":null},"time":"2023-07-11 17:58:30"}
{"level":"error","error":"error decoding key account_id: cannot decode 64-bit integer into a string type","function":"StoreProfilePicture","message":"","time":"2023-07-11 17:58:30"}
{"level":"info","time":"2023-07-11 17:58:51","message":"Basic auth successful"}
{"level":"info","time":"2023-07-11 17:58:51","message":"=== New Request ==="}
{"level":"debug","function":"StoreProfilePicture","message":{"RequestId":"eda74aa6-1128-4f25-b8fa-0ae7932efdc1","Data":[{"Key":"account_id","Value":1},{"Key":"data","Value":{"Subtype":0,"Data":"dGVzdGZpbGVhamE="}}]},"time":"2023-07-11 17:58:51"}
{"level":"error","error":"error decoding key account_id: cannot decode 64-bit integer into a string type","function":"StoreProfilePicture","message":{"DocumentId":"","AccountId":"","File":null},"time":"2023-07-11 17:58:53"}
{"level":"error","error":"error decoding key account_id: cannot decode 64-bit integer into a string type","function":"StoreProfilePicture","message":"","time":"2023-07-11 17:58:57"}
{"level":"info","time":"2023-07-11 18:00:17","message":"Basic auth successful"}
{"level":"info","time":"2023-07-11 18:00:17","message":"=== New Request ==="}
{"level":"debug","function":"StoreProfilePicture","message":{"RequestId":"eda74aa6-1128-4f25-b8fa-0ae7932efdc1","Data":[{"Key":"account_id","Value":1},{"Key":"data","Value":{"Subtype":0,"Data":"dGVzdGZpbGVhamE="}}]},"time":"2023-07-11 18:00:17"}
{"level":"error","error":"error decoding key account_id: cannot decode 64-bit integer into a string type","function":"StoreProfilePicture","message":{"DocumentId":"","AccountId":"","File":null},"time":"2023-07-11 18:00:20"}
{"level":"error","error":"error decoding key account_id: cannot decode 64-bit integer into a string type","function":"StoreProfilePicture","message":"","time":"2023-07-11 18:00:24"}
{"level":"info","time":"2023-07-11 18:00:56","message":"Basic auth successful"}
{"level":"info","time":"2023-07-11 18:00:56","message":"=== New Request ==="}
{"level":"debug","function":"StoreProfilePicture","message":{"RequestId":"eda74aa6-1128-4f25-b8fa-0ae7932efdc1","Data":[{"Key":"account_id","Value":1},{"Key":"data","Value":{"Subtype":0,"Data":"dGVzdGZpbGVhamE="}}]},"time":"2023-07-11 18:00:56"}
{"level":"error","error":"error decoding key account_id: cannot decode 64-bit integer into a string type","function":"StoreProfilePicture","message":{"DocumentId":"","AccountId":"","File":null},"time":"2023-07-11 18:01:00"}
{"level":"error","error":"error decoding key account_id: cannot decode 64-bit integer into a string type","function":"StoreProfilePicture","message":"","time":"2023-07-11 18:01:10"}
{"level":"info","time":"2023-07-11 18:01:16","message":"Basic auth successful"}
{"level":"info","time":"2023-07-11 18:01:16","message":"=== New Request ==="}
{"level":"debug","function":"StoreProfilePicture","message":{"RequestId":"eda74aa6-1128-4f25-b8fa-0ae7932efdc1","Data":[{"Key":"account_id","Value":1},{"Key":"data","Value":{"Subtype":0,"Data":"dGVzdGZpbGVhamE="}}]},"time":"2023-07-11 18:01:16"}
{"level":"error","error":"error decoding key account_id: cannot decode 64-bit integer into a string type","function":"StoreProfilePicture","message":{"DocumentId":"","AccountId":"","File":null},"time":"2023-07-11 18:02:24"}
{"level":"error","error":"error decoding key account_id: cannot decode 64-bit integer into a string type","function":"StoreProfilePicture","message":"","time":"2023-07-11 18:02:26"}
{"level":"info","time":"2023-07-11 18:02:50","message":"Basic auth successful"}
{"level":"info","time":"2023-07-11 18:02:50","message":"=== New Request ==="}
{"level":"debug","function":"StoreProfilePicture","message":{"RequestId":"eda74aa6-1128-4f25-b8fa-0ae7932efdc1","Data":[{"Key":"account_id","Value":1},{"Key":"data","Value":{"Subtype":0,"Data":"dGVzdGZpbGVhamE="}}]},"time":"2023-07-11 18:02:50"}
{"level":"error","error":"error decoding key account_id: cannot decode 64-bit integer into a string type","function":"StoreProfilePicture","message":{"DocumentId":"","AccountId":"","File":null},"time":"2023-07-11 18:02:50"}
{"level":"error","error":"error decoding key account_id: cannot decode 64-bit integer into a string type","function":"StoreProfilePicture","message":"","time":"2023-07-11 18:02:50"}
{"level":"info","time":"2023-07-11 18:03:17","message":"Basic auth successful"}
{"level":"info","time":"2023-07-11 18:03:17","message":"=== New Request ==="}
{"level":"debug","function":"StoreProfilePicture","message":{"RequestId":"eda74aa6-1128-4f25-b8fa-0ae7932efdc1","Data":[{"Key":"account_id","Value":1},{"Key":"data","Value":{"Subtype":0,"Data":"dGVzdGZpbGVhamE="}}]},"time":"2023-07-11 18:03:17"}
{"level":"error","error":"error decoding key account_id: cannot decode 64-bit integer into a string type","function":"StoreProfilePicture","message":{"DocumentId":"","AccountId":"","File":null},"time":"2023-07-11 18:03:17"}
{"level":"error","error":"error decoding key account_id: cannot decode 64-bit integer into a string type","function":"StoreProfilePicture","message":"","time":"2023-07-11 18:03:17"}
{"level":"info","time":"2023-07-11 18:03:18","message":"Basic auth successful"}
{"level":"info","time":"2023-07-11 18:03:18","message":"=== New Request ==="}
{"level":"debug","function":"StoreProfilePicture","message":{"RequestId":"eda74aa6-1128-4f25-b8fa-0ae7932efdc1","Data":[{"Key":"account_id","Value":1},{"Key":"data","Value":{"Subtype":0,"Data":"dGVzdGZpbGVhamE="}}]},"time":"2023-07-11 18:03:18"}
{"level":"error","error":"error decoding key account_id: cannot decode 64-bit integer into a string type","function":"StoreProfilePicture","message":{"DocumentId":"","AccountId":"","File":null},"time":"2023-07-11 18:03:18"}
{"level":"error","error":"error decoding key account_id: cannot decode 64-bit integer into a string type","function":"StoreProfilePicture","message":"","time":"2023-07-11 18:03:18"}
{"time":"2023-07-11 18:05:04","message":"============= BROMO1 RUNTIME STARTED ============="}
{"time":"2023-07-11 18:05:04","message":"============= BROMO1 ENGINE STARTING ============="}
{"time":"2023-07-11 18:05:04","message":"App Address = localhost:7718"}
{"time":"2023-07-11 23:57:21","message":"============= BROMO1 RUNTIME STARTED ============="}
{"time":"2023-07-11 23:57:22","message":"============= BROMO1 ENGINE STARTING ============="}
{"time":"2023-07-11 23:57:22","message":"App Address = localhost:7718"}
{"level":"info","time":"2023-07-11 23:58:06","message":"Basic auth successful"}
{"level":"info","time":"2023-07-11 23:58:06","message":"=== New Request ==="}
{"level":"debug","function":"StoreProfilePicture","message":{"RequestId":"eda74aa6-1128-4f25-b8fa-0ae7932efdc1","Data":[{"Key":"account_id","Value":1},{"Key":"data","Value":{"Subtype":0,"Data":"dGVzdGZpbGVhamE="}}]},"time":"2023-07-11 23:58:06"}
{"level":"error","error":"error decoding key account_id: cannot decode 64-bit integer into a string type","function":"StoreProfilePicture","message":{"DocumentId":"","AccountId":"","File":null},"time":"2023-07-11 23:58:06"}
{"level":"error","error":"error decoding key account_id: cannot decode 64-bit integer into a string type","function":"StoreProfilePicture","message":"","time":"2023-07-11 23:58:06"}
{"level":"info","time":"2023-07-12 00:00:19","message":"Basic auth successful"}
{"level":"info","time":"2023-07-12 00:00:19","message":"=== New Request ==="}
{"level":"debug","function":"StoreProfilePicture","message":{"RequestId":"2052c61b-b9fa-444c-8032-c53d220c0feb","Data":[{"Key":"account_id","Value":"1"},{"Key":"data","Value":{"Subtype":0,"Data":"dGVzdGZpbGVhamE="}}]},"time":"2023-07-12 00:00:19"}
{"level":"info","time":"2023-07-12 00:04:39","message":"Basic auth successful"}
{"level":"info","time":"2023-07-12 00:04:39","message":"=== New Request ==="}
{"level":"error","error":"invalid document length","function":"StoreProfilePicture","message":"","time":"2023-07-12 00:04:39"}
{"level":"info","time":"2023-07-12 00:05:10","message":"Basic auth successful"}
{"level":"info","time":"2023-07-12 00:05:10","message":"=== New Request ==="}
{"level":"debug","function":"StoreProfilePicture","message":{"RequestId":"2052c61b-b9fa-444c-8032-c53d220c0feb","Data":[{"Key":"account_id","Value":"1"},{"Key":"data","Value":{"Subtype":0,"Data":"dGVzdGZpbGVhamE="}}]},"time":"2023-07-12 00:05:10"}
{"level":"info","time":"2023-07-12 00:05:12","message":"Basic auth successful"}
{"level":"info","time":"2023-07-12 00:05:12","message":"=== New Request ==="}
{"level":"debug","function":"StoreProfilePicture","message":{"RequestId":"2052c61b-b9fa-444c-8032-c53d220c0feb","Data":[{"Key":"account_id","Value":"1"},{"Key":"data","Value":{"Subtype":0,"Data":"dGVzdGZpbGVhamE="}}]},"time":"2023-07-12 00:05:12"}
{"level":"info","time":"2023-07-12 00:10:13","message":"Basic auth successful"}
{"level":"info","time":"2023-07-12 00:10:13","message":"=== New Request ==="}
{"level":"debug","function":"StoreProfilePicture","message":{"RequestId":"72f86edd-5915-40b6-9f78-050af4ff23f2","Data":[{"Key":"account_id","Value":"1"},{"Key":"data","Value":{"Subtype":0,"Data":"dGVzdGZpbGVhamE="}}]},"time":"2023-07-12 00:10:13"}
{"level":"info","time":"2023-07-12 00:11:00","message":"Basic auth successful"}
{"level":"info","time":"2023-07-12 00:11:00","message":"=== New Request ==="}
{"level":"error","error":"invalid document length","function":"StoreProfilePicture","message":"","time":"2023-07-12 00:11:00"}
{"level":"info","time":"2023-07-12 00:11:05","message":"Basic auth successful"}
{"level":"info","time":"2023-07-12 00:11:05","message":"=== New Request ==="}
{"level":"error","error":"invalid document length","function":"StoreProfilePicture","message":"","time":"2023-07-12 00:11:05"}
{"level":"info","time":"2023-07-12 00:12:04","message":"Basic auth successful"}
{"level":"info","time":"2023-07-12 00:12:04","message":"=== New Request ==="}
{"level":"error","error":"invalid document length","function":"StoreProfilePicture","message":"","time":"2023-07-12 00:12:04"}
{"level":"info","time":"2023-07-12 00:12:07","message":"Basic auth successful"}
{"level":"info","time":"2023-07-12 00:12:07","message":"=== New Request ==="}
{"level":"error","error":"invalid document length","function":"StoreProfilePicture","message":"","time":"2023-07-12 00:12:07"}
{"level":"info","time":"2023-07-12 00:12:15","message":"Basic auth successful"}
{"level":"info","time":"2023-07-12 00:12:15","message":"=== New Request ==="}
{"level":"debug","function":"StoreProfilePicture","message":{"RequestId":"72f86edd-5915-40b6-9f78-050af4ff23f2","Data":[{"Key":"account_id","Value":"1"},{"Key":"data","Value":{"Subtype":0,"Data":"dGVzdGZpbGVhamE="}}]},"time":"2023-07-12 00:12:15"}
